Line 31: Class ComctlLib.ProgressBar of control ProgressBar1 was not a loaded control class.
Line 42: Class ComctlLib.StatusBar of control StatusBar1 was not a loaded control class.
Line 37: The property name _ExtentX in ProgressBar1 is invalid.
Line 38: The property name _ExtentY in ProgressBar1 is invalid.
Line 39: The property name _Version in ProgressBar1 is invalid.
Line 49: The property name _ExtentX in StatusBar1 is invalid.
Line 50: The property name _ExtentY in StatusBar1 is invalid.
Line 51: The property name SimpleText in StatusBar1 is invalid.
Line 52: The property name _Version in StatusBar1 is invalid.
Line 59: The property name Panels in StatusBar1 is invalid.
Line 37: The property name _ExtentX in ProgressBar1 is invalid.
Line 38: The property name _ExtentY in ProgressBar1 is invalid.
Line 39: The property name _Version in ProgressBar1 is invalid.
Line 49: The property name _ExtentX in StatusBar1 is invalid.
Line 50: The property name _ExtentY in StatusBar1 is invalid.
Line 51: The property name SimpleText in StatusBar1 is invalid.
Line 52: The property name _Version in StatusBar1 is invalid.
Line 59: The property name Panels in StatusBar1 is invalid.
Line 37: The property name _ExtentX in ProgressBar1 is invalid.
Line 38: The property name _ExtentY in ProgressBar1 is invalid.
Line 39: The property name _Version in ProgressBar1 is invalid.
Line 49: The property name _ExtentX in StatusBar1 is invalid.
Line 50: The property name _ExtentY in StatusBar1 is invalid.
Line 51: The property name SimpleText in StatusBar1 is invalid.
Line 52: The property name _Version in StatusBar1 is invalid.
Line 59: The property name Panels in StatusBar1 is invalid.
Line 37: The property name _ExtentX in ProgressBar1 is invalid.
Line 38: The property name _ExtentY in ProgressBar1 is invalid.
Line 39: The property name _Version in ProgressBar1 is invalid.
Line 49: The property name _ExtentX in StatusBar1 is invalid.
Line 50: The property name _ExtentY in StatusBar1 is invalid.
Line 51: The property name SimpleText in StatusBar1 is invalid.
Line 52: The property name _Version in StatusBar1 is invalid.
Line 59: The property name Panels in StatusBar1 is invalid.
Line 37: The property name _ExtentX in ProgressBar1 is invalid.
Line 38: The property name _ExtentY in ProgressBar1 is invalid.
Line 39: The property name _Version in ProgressBar1 is invalid.
Line 49: The property name _ExtentX in StatusBar1 is invalid.
Line 50: The property name _ExtentY in StatusBar1 is invalid.
Line 51: The property name SimpleText in StatusBar1 is invalid.
Line 52: The property name _Version in StatusBar1 is invalid.
Line 59: The property name Panels in StatusBar1 is invalid.
